<?xml version="1.0" encoding="UTF-8"?>
<!-- Generated by org.testng.reporters.JUnitXMLReporter -->
<testsuite hostname="LAPTOP-P9U8PG08" name="Chrome2" tests="13" failures="0" timestamp="20 Sep 2017 01:31:28 GMT" time="238.382" errors="0">
  <testcase name="Login" time="32.835" classname="Company.Company_Filter"/>
  <testcase name="Filter_companyname" time="13.355" classname="Company.Company_Filter"/>
  <testcase name="Filter_Email" time="14.362" classname="Company.Company_Filter"/>
  <testcase name="Filter_WebSite" time="14.378" classname="Company.Company_Filter"/>
  <testcase name="Filter_Phone" time="14.352" classname="Company.Company_Filter"/>
  <testcase name="Filter_Fax" time="14.331" classname="Company.Company_Filter"/>
  <testcase name="Filter_Address1" time="14.412" classname="Company.Company_Filter"/>
  <testcase name="Filter_Address2" time="14.359" classname="Company.Company_Filter"/>
  <testcase name="Filter_Postalcode" time="16.365" classname="Company.Company_Filter"/>
  <testcase name="Filter_fetchesback" time="6.062" classname="Company.Company_Filter"/>
  <testcase name="Active_companyrecord_list" time="7.288" classname="Company.Company_Filter"/>
  <testcase name="InActive_companyrecord_list" time="11.358" classname="Company.Company_Filter"/>
  <testcase name="Exit_button" time="20.474" classname="Company.Company_Filter"/>
</testsuite> <!-- Chrome2 -->
