<?xml version="1.0" encoding="UTF-8"?>
<!-- Generated by org.testng.reporters.JUnitXMLReporter -->
<testsuite hostname="LAPTOP-P9U8PG08" name="Event78" tests="15" failures="0" timestamp="20 Sep 2017 02:52:10 GMT" time="565.403" errors="0">
  <testcase name="Login" time="34.122" classname="Event.Event_Delete_new"/>
  <testcase name="User_Delete" time="13.777" classname="Event.Event_Delete_new"/>
  <testcase name="User_Delete_confirmation" time="24.662" classname="Event.Event_Delete_new"/>
  <testcase name="User_Delete_Record" time="25.478" classname="Event.Event_Delete_new"/>
  <testcase name="Filter_present_customername" time="28.865" classname="Event.Event_Delete_new"/>
  <testcase name="Filter_Type" time="21.735" classname="Event.Event_Delete_new"/>
  <testcase name="Filter_Customer_type" time="21.402" classname="Event.Event_Delete_new"/>
  <testcase name="Filter_STARTDATE" time="45.113" classname="Event.Event_Delete_new"/>
  <testcase name="Filter_Not_present_customername" time="65.755" classname="Event.Event_Delete_new"/>
  <testcase name="Filter_Not_present_Type" time="32.121" classname="Event.Event_Delete_new"/>
  <testcase name="Filter_Startdate_EndDate" time="68.386" classname="Event.Event_Delete_new"/>
  <testcase name="Filter_Notmatched_Startdate_EndDate" time="69.232" classname="Event.Event_Delete_new"/>
  <testcase name="Filter_Date" time="49.739" classname="Event.Event_Delete_new"/>
  <testcase name="Increase_Count" time="14.452" classname="Event.Event_Delete_new"/>
  <testcase name="Decrease_Count" time="19.132" classname="Event.Event_Delete_new"/>
</testsuite> <!-- Event78 -->
