<?xml version="1.0" encoding="UTF-8"?>
<!-- Generated by org.testng.reporters.JUnitXMLReporter -->
<testsuite hostname="LAPTOP-P9U8PG08" name="Event_firefox4" tests="5" failures="0" timestamp="20 Sep 2017 02:42:44 GMT" time="135.716" errors="0">
  <testcase name="Login" time="70.185" classname="Event.Evnet_edit_new"/>
  <testcase name="User_Edit" time="9.069" classname="Event.Evnet_edit_new"/>
  <testcase name="User_Empty_textbox" time="13.07" classname="Event.Evnet_edit_new"/>
  <testcase name="User_Edit_Duplicate" time="12.037" classname="Event.Evnet_edit_new"/>
  <testcase name="User_Success_Alert" time="9.045" classname="Event.Evnet_edit_new"/>
</testsuite> <!-- Event_firefox4 -->
