<?xml version="1.0" encoding="UTF-8"?>
<!-- Generated by org.testng.reporters.JUnitXMLReporter -->
<testsuite hostname="LAPTOP-P9U8PG08" name="Event_chrome4" tests="11" failures="0" timestamp="20 Sep 2017 02:40:29 GMT" time="176.51" errors="0">
  <testcase name="Login" time="42.814" classname="Event.Evnet_page_new"/>
  <testcase name="Event_class_properly" time="2.992" classname="Event.Evnet_page_new"/>
  <testcase name="Customer_Addrecord_button" time="9.072" classname="Event.Evnet_page_new"/>
  <testcase name="AddRecord_Alertmessage" time="2.074" classname="Event.Evnet_page_new"/>
  <testcase name="Customer_preselected" time="9.071" classname="Event.Evnet_page_new"/>
  <testcase name="Stopdate" time="9.053" classname="Event.Evnet_page_new"/>
  <testcase name="Startdate" time="9.067" classname="Event.Evnet_page_new"/>
  <testcase name="correct_Startdate" time="9.082" classname="Event.Evnet_page_new"/>
  <testcase name="cancel_button" time="24.06" classname="Event.Evnet_page_new"/>
  <testcase name="close_button" time="18.097" classname="Event.Evnet_page_new"/>
  <testcase name="submit_button_grid" time="18.059" classname="Event.Evnet_page_new"/>
</testsuite> <!-- Event_chrome4 -->
