<?xml version="1.0" encoding="UTF-8"?>
<!-- Generated by org.testng.reporters.JUnitXMLReporter -->
<testsuite hostname="LAPTOP-P9U8PG08" name="Event_chrome6" tests="18" failures="0" timestamp="19 Sep 2017 21:44:18 GMT" time="167.019" errors="0">
  <testcase name="Login" time="41.528" classname="Event.Event_Customer"/>
  <testcase name="Event_class_properly" time="9.782" classname="Event.Event_Customer"/>
  <testcase name="Insert_Record_EventDetails" time="12.357" classname="Event.Event_Customer"/>
  <testcase name="Comments_button" time="0.056" classname="Event.Event_Customer"/>
  <testcase name="Comments_Addrecord_button" time="0.069" classname="Event.Event_Customer"/>
  <testcase name="Comments_Alertmessage_button" time="0.124" classname="Event.Event_Customer"/>
  <testcase name="Comments_cancelbutton" time="0.119" classname="Event.Event_Customer"/>
  <testcase name="Comments_close" time="9.066" classname="Event.Event_Customer"/>
  <testcase name="Comments_Alert_Successfully" time="9.082" classname="Event.Event_Customer"/>
  <testcase name="Comments_Alert_Delete" time="7.15" classname="Event.Event_Customer"/>
  <testcase name="Comments_Delete_Confirm" time="7.147" classname="Event.Event_Customer"/>
  <testcase name="Comments_Cancel_Confirm" time="7.061" classname="Event.Event_Customer"/>
  <testcase name="Comments_Delete_Confirm_Alert" time="12.143" classname="Event.Event_Customer"/>
  <testcase name="Comments_Delete_Filter" time="12.16" classname="Event.Event_Customer"/>
  <testcase name="Comments_Valid_Filter_Name" time="7.064" classname="Event.Event_Customer"/>
  <testcase name="Comments_InValid_Filter_Name" time="7.055" classname="Event.Event_Customer"/>
  <testcase name="Createdby_Valid_Filter_Name" time="0.038" classname="Event.Event_Customer"/>
  <testcase name="InvalidFilter_InValid_Filter_Name" time="12.063" classname="Event.Event_Customer"/>
</testsuite> <!-- Event_chrome6 -->
