<?xml version="1.0" encoding="UTF-8"?>
<!-- Generated by org.testng.reporters.JUnitXMLReporter -->
<testsuite hostname="LAPTOP-P9U8PG08" name="Event_chrome5" tests="10" failures="0" timestamp="20 Sep 2017 02:54:41 GMT" time="151.134" errors="0">
  <testcase name="Login" time="44.221" classname="Event.Event_Details_Product_news"/>
  <testcase name="Event_class_properly" time="12.109" classname="Event.Event_Details_Product_news"/>
  <testcase name="Insert_Record_EventDetails" time="17.64" classname="Event.Event_Details_Product_news"/>
  <testcase name="Product_Addrecord_button" time="12.045" classname="Event.Event_Details_Product_news"/>
  <testcase name="Promotion_Addrecord_button" time="9.06" classname="Event.Event_Details_Product_news"/>
  <testcase name="Material_Addrecord_AlreadyExist_button" time="7.062" classname="Event.Event_Details_Product_news"/>
  <testcase name="Material_Addrecord_Cancel_button" time="7.193" classname="Event.Event_Details_Product_news"/>
  <testcase name="Material_Addrecord_Close_button" time="7.068" classname="Event.Event_Details_Product_news"/>
  <testcase name="Material__selecting_Cancel_button" time="7.072" classname="Event.Event_Details_Product_news"/>
  <testcase name="Material__selecting_Delete_button" time="7.094" classname="Event.Event_Details_Product_news"/>
</testsuite> <!-- Event_chrome5 -->
