<?xml version="1.0" encoding="UTF-8"?>
<!-- Generated by org.testng.reporters.JUnitXMLReporter -->
<testsuite hostname="LAPTOP-P9U8PG08" name="firefox1" tests="5" failures="0" timestamp="20 Sep 2017 01:27:30 GMT" time="122.672" errors="0">
  <testcase name="Logins" time="32.581" classname="Company.Company_sorting_deleting_new"/>
  <testcase name="Enter_User_details" time="9.294" classname="Company.Company_sorting_deleting_new"/>
  <testcase name="Edit_Active" time="15.241" classname="Company.Company_sorting_deleting_new"/>
  <testcase name="Scroll_Active_Alert_message" time="8.127" classname="Company.Company_sorting_deleting_new"/>
  <testcase name="Scroll_InActive_User" time="8.147" classname="Company.Company_sorting_deleting_new"/>
</testsuite> <!-- firefox1 -->
