<?xml version="1.0" encoding="UTF-8"?>
<!-- Generated by org.testng.reporters.JUnitXMLReporter -->
<testsuite hostname="LAPTOP-P9U8PG08" name="Test32" tests="10" failures="0" timestamp="20 Sep 2017 02:25:02 GMT" time="423.682" errors="0">
  <testcase name="Login" time="19.045" classname="Product_Attribute_page.sub_segment"/>
  <testcase name="User_Submenu" time="16.478" classname="Product_Attribute_page.sub_segment"/>
  <testcase name="Attribute_page" time="6.591" classname="Product_Attribute_page.sub_segment"/>
  <testcase name="Customer_Addrecord_button" time="18.809" classname="Product_Attribute_page.sub_segment"/>
  <testcase name="AddRecord_Alertmessage" time="9.266" classname="Product_Attribute_page.sub_segment"/>
  <testcase name="Cancel_button" time="10.282" classname="Product_Attribute_page.sub_segment"/>
  <testcase name="Close_button" time="12.526" classname="Product_Attribute_page.sub_segment"/>
  <testcase name="Enter_User_details" time="269.523" classname="Product_Attribute_page.sub_segment"/>
  <testcase name="Enter_Record" time="19.802" classname="Product_Attribute_page.sub_segment"/>
  <testcase name="Enter_record_Alertmessage" time="17.436" classname="Product_Attribute_page.sub_segment"/>
</testsuite> <!-- Test32 -->
