<?xml version="1.0" encoding="UTF-8"?>
<!-- Generated by org.testng.reporters.JUnitXMLReporter -->
<testsuite hostname="LAPTOP-P9U8PG08" name="TEST7" tests="4" failures="0" timestamp="20 Sep 2017 01:41:04 GMT" time="237.239" errors="0">
  <testcase name="Login" time="31.799" classname="Customer.Customer_sorting_deleting_new"/>
  <testcase name="Enter_User_details" time="20.15" classname="Customer.Customer_sorting_deleting_new"/>
  <testcase name="Edit_Active" time="29.612" classname="Customer.Customer_sorting_deleting_new"/>
  <testcase name="Edit_InActive" time="112.373" classname="Customer.Customer_sorting_deleting_new"/>
</testsuite> <!-- TEST7 -->
