<?xml version="1.0" encoding="UTF-8"?>
<!-- Generated by org.testng.reporters.JUnitXMLReporter -->
<testsuite hostname="LAPTOP-P9U8PG08" name="TEST5" tests="8" failures="0" timestamp="20 Sep 2017 01:33:56 GMT" time="147.472" errors="0">
  <testcase name="Login" time="18.903" classname="Customer.Customer_page"/>
  <testcase name="Customer_page" time="13.964" classname="Customer.Customer_page"/>
  <testcase name="Customer_Addrecord_button" time="4.444" classname="Customer.Customer_page"/>
  <testcase name="AddRecord_Alertmessage" time="6.259" classname="Customer.Customer_page"/>
  <testcase name="Cancel_button" time="6.242" classname="Customer.Customer_page"/>
  <testcase name="Select_company" time="2.055" classname="Customer.Customer_page"/>
  <testcase name="All_ValidData" time="30.987" classname="Customer.Customer_page"/>
  <testcase name="Customer_Submit_button" time="21.376" classname="Customer.Customer_page"/>
</testsuite> <!-- TEST5 -->
