<?xml version="1.0" encoding="UTF-8"?>
<!-- Generated by org.testng.reporters.JUnitXMLReporter -->
<testsuite hostname="LAPTOP-P9U8PG08" name="Test9" tests="4" failures="0" timestamp="19 Sep 2017 18:41:12 GMT" time="98.949" errors="0">
  <testcase name="valid_filter" time="12.588" classname="Admin_Event_Web.Admin_Event_EventType_Filter"/>
  <testcase name="invalid_filter" time="9.372" classname="Admin_Event_Web.Admin_Event_EventType_Filter"/>
  <testcase name="valid_data_fetchback" time="9.408" classname="Admin_Event_Web.Admin_Event_EventType_Filter"/>
  <testcase name="invalid_data_fetchback" time="11.663" classname="Admin_Event_Web.Admin_Event_EventType_Filter"/>
</testsuite> <!-- Test9 -->
