<?xml version="1.0" encoding="UTF-8"?>
<!-- Generated by org.testng.reporters.JUnitXMLReporter -->
<testsuite hostname="LAPTOP-P9U8PG08" name="Test3jj6" tests="8" failures="0" timestamp="20 Sep 2017 02:37:32 GMT" time="132.3" errors="0">
  <testcase name="Login" time="28.298" classname="RoleAccess.User_RoleAccess"/>
  <testcase name="User_Submenu" time="2.747" classname="RoleAccess.User_RoleAccess"/>
  <testcase name="User_RoleAccess_Page" time="6.376" classname="RoleAccess.User_RoleAccess"/>
  <testcase name="User_Exit_page" time="14.936" classname="RoleAccess.User_RoleAccess"/>
  <testcase name="Company_admin_features" time="9.336" classname="RoleAccess.User_RoleAccess"/>
  <testcase name="Role_filter" time="17.654" classname="RoleAccess.User_RoleAccess"/>
  <testcase name="Role_InvalidFiledname_filter" time="17.414" classname="RoleAccess.User_RoleAccess"/>
  <testcase name="Role_Asc_Desc_Order" time="17.556" classname="RoleAccess.User_RoleAccess"/>
</testsuite> <!-- Test3jj6 -->
