<?xml version="1.0" encoding="UTF-8"?>
<!-- Generated by org.testng.reporters.JUnitXMLReporter -->
<testsuite hostname="LAPTOP-P9U8PG08" name="Test17" tests="9" failures="0" timestamp="19 Sep 2017 21:50:00 GMT" time="342.682" errors="0">
  <testcase name="Login" time="19.729" classname="Product_Attribute_Edit_Delete.Brand_page"/>
  <testcase name="Brand_Edit_Enable" time="33.144" classname="Product_Attribute_Edit_Delete.Brand_page"/>
  <testcase name="Remove_Existing_Record" time="31.259" classname="Product_Attribute_Edit_Delete.Brand_page"/>
  <testcase name="Edit_newrecord" time="43.65" classname="Product_Attribute_Edit_Delete.Brand_page"/>
  <testcase name="Already_Existing_Record" time="22.213" classname="Product_Attribute_Edit_Delete.Brand_page"/>
  <testcase name="SubBrand_Edit" time="41.313" classname="Product_Attribute_Edit_Delete.Brand_page"/>
  <testcase name="SubBrand_Existing_Record" time="50.641" classname="Product_Attribute_Edit_Delete.Brand_page"/>
  <testcase name="SubBrand_Edit_New_Record" time="33.496" classname="Product_Attribute_Edit_Delete.Brand_page"/>
  <testcase name="Subbrand_Already_Existing_Record" time="47.462" classname="Product_Attribute_Edit_Delete.Brand_page"/>
</testsuite> <!-- Test17 -->
