<?xml version="1.0" encoding="UTF-8"?>
<!-- Generated by org.testng.reporters.JUnitXMLReporter -->
<testsuite hostname="LAPTOP-P9U8PG08" name="TEST8" tests="7" failures="0" timestamp="20 Sep 2017 01:44:55 GMT" time="230.882" errors="0">
  <testcase name="Login" time="31.089" classname="Customer.Customer_Filter_new"/>
  <testcase name="Select_company" time="8.169" classname="Customer.Customer_Filter_new"/>
  <testcase name="Filter_companyname" time="33.518" classname="Customer.Customer_Filter_new"/>
  <testcase name="Filter_ShortName" time="20.376" classname="Customer.Customer_Filter_new"/>
  <testcase name="Active_companyrecord_list" time="29.593" classname="Customer.Customer_Filter_new"/>
  <testcase name="InActive_companyrecord_list" time="39.651" classname="Customer.Customer_Filter_new"/>
  <testcase name="Exit_button" time="9.09" classname="Customer.Customer_Filter_new"/>
</testsuite> <!-- TEST8 -->
