<?xml version="1.0" encoding="UTF-8"?>
<!-- Generated by org.testng.reporters.JUnitXMLReporter -->
<testsuite hostname="LAPTOP-P9U8PG08" name="Test29" tests="10" failures="0" timestamp="20 Sep 2017 02:12:12 GMT" time="212.467" errors="0">
  <testcase name="Login" time="18.671" classname="Product_Attribute_page.Attribute_page_last"/>
  <testcase name="User_Submenu" time="19.337" classname="Product_Attribute_page.Attribute_page_last"/>
  <testcase name="Customer_page" time="6.837" classname="Product_Attribute_page.Attribute_page_last"/>
  <testcase name="Customer_Addrecord_button" time="12.572" classname="Product_Attribute_page.Attribute_page_last"/>
  <testcase name="AddRecord_Alertmessage" time="9.29" classname="Product_Attribute_page.Attribute_page_last"/>
  <testcase name="Cancel_button" time="10.309" classname="Product_Attribute_page.Attribute_page_last"/>
  <testcase name="Close_button" time="12.489" classname="Product_Attribute_page.Attribute_page_last"/>
  <testcase name="Enter_User_details" time="52.937" classname="Product_Attribute_page.Attribute_page_last"/>
  <testcase name="Enter_Record" time="21.172" classname="Product_Attribute_page.Attribute_page_last"/>
  <testcase name="Enter_record_Alertmessage" time="27.202" classname="Product_Attribute_page.Attribute_page_last"/>
</testsuite> <!-- Test29 -->
