<?xml version="1.0" encoding="UTF-8"?>
<!-- Generated by org.testng.reporters.JUnitXMLReporter -->
<testsuite hostname="LAPTOP-P9U8PG08" name="Test15" tests="8" failures="0" timestamp="19 Sep 2017 18:18:33 GMT" time="147.982" errors="0">
  <testcase name="file_typ_filter" time="17.181" classname="Admin_Event_Attachment.Admin_Event_Attachment_Filter"/>
  <testcase name="file_typ_inval_filter" time="9.506" classname="Admin_Event_Attachment.Admin_Event_Attachment_Filter"/>
  <testcase name="inv_fil_typ_data_fetch" time="9.474" classname="Admin_Event_Attachment.Admin_Event_Attachment_Filter"/>
  <testcase name="valid_fil_typ_data_fetch" time="8.451" classname="Admin_Event_Attachment.Admin_Event_Attachment_Filter"/>
  <testcase name="valid_descrip_filter" time="9.457" classname="Admin_Event_Attachment.Admin_Event_Attachment_Filter"/>
  <testcase name="inval_descrip_filter" time="9.464" classname="Admin_Event_Attachment.Admin_Event_Attachment_Filter"/>
  <testcase name="inv_descrip_data_fetch" time="9.415" classname="Admin_Event_Attachment.Admin_Event_Attachment_Filter"/>
  <testcase name="valid_descrip_data_fetch" time="12.862" classname="Admin_Event_Attachment.Admin_Event_Attachment_Filter"/>
</testsuite> <!-- Test15 -->
