<?xml version="1.0" encoding="UTF-8"?>
<!-- Generated by org.testng.reporters.JUnitXMLReporter -->
<testsuite hostname="LAPTOP-P9U8PG08" name="Test19" tests="10" failures="0" timestamp="20 Sep 2017 01:11:40 GMT" time="49.748" errors="0">
  <testcase name="@BeforeTest Loginpage" time="0.0" classname="Product_Attribute_Edit_Delete.Sub_category">
    <failure type="org.openqa.selenium.WebDriverException" message="Failed to connect to binary FirefoxBinary(C:\Program Files\Mozilla Firefox\firefox.exe) on port 7059; process output follows: 
,&amp;quot;creator&amp;quot;:null,&amp;quot;homepageURL&amp;quot;:null},{&amp;quot;locales&amp;quot;:[&amp;quot;zh-HK&amp;quot;],&amp;quot;name&amp;quot;:&amp;quot;å�¡å·´æ–¯åŸºé˜²è­·&amp;quot;,&amp;quot;description&amp;quot;:&amp;quot;ä½¿ç”¨ Kaspersky Lab çš„å»¶ä¼¸åŠŸèƒ½å°�æ‚¨çš„ç¶²éš›ç¶²è·¯çš„é˜²è­·ã€‚&amp;quot;,&amp;quot;creator&amp;quot;:null,&amp;quot;homepageURL&amp;quot;:null},{&amp;quot;locales&amp;quot;:[&amp;quot;zh-TW&amp;quot;],&amp;quot;name&amp;quot;:&amp;quot;å�¡å·´æ–¯åŸºé˜²è­·&amp;quot;,&amp;quot;description&amp;quot;:&amp;quot;ä½¿ç”¨ Kaspersky Lab çš„å»¶ä¼¸åŠŸèƒ½å°�æ‚¨çš„ç¶²éš›ç¶²è·¯çš„é˜²è­·ã€‚&amp;quot;,&amp;quot;creator&amp;quot;:null,&amp;quot;homepageURL&amp;quot;:null},{&amp;quot;locales&amp;quot;:[&amp;quot;zh_CN&amp;quot;],&amp;quot;name&amp;quot;:&amp;quot;å�¡å·´æ–¯åŸºä¿�æŠ¤&amp;quot;,&amp;quot;description&amp;quot;:&amp;quot;ä½¿ç”¨ Kaspersky Lab çš„æ‰©å±•åŠŸèƒ½å¯¹æ‚¨çš„äº’è�”ç½‘çš„ä¿�æŠ¤ã€‚&amp;quot;,&amp;quot;creator&amp;quot;:null,&amp;quot;homepageURL&amp;quot;:null},{&amp;quot;locales&amp;quot;:[&amp;quot;zh_HK&amp;quot;],&amp;quot;name&amp;quot;:&amp;quot;å�¡å·´æ–¯åŸºé˜²è­·&amp;quot;,&amp;quot;description&amp;quot;:&amp;quot;ä½¿ç”¨ Kaspersky Lab çš„å»¶ä¼¸åŠŸèƒ½å°�æ‚¨çš„ç¶²éš›ç¶²è·¯çš„é˜²è­·ã€‚&amp;quot;,&amp;quot;creator&amp;quot;:null,&amp;quot;homepageURL&amp;quot;:null},{&amp;quot;locales&amp;quot;:[&amp;quot;zh_TW&amp;quot;],&amp;quot;name&amp;quot;:&amp;quot;å�¡å·´æ–¯åŸºé˜²è­·&amp;quot;,&amp;quot;description&amp;quot;:&amp;quot;ä½¿ç”¨ Kaspersky Lab çš„å»¶ä¼¸åŠŸèƒ½å°�æ‚¨çš„ç¶²éš›ç¶²è·¯çš„é˜²è­·ã€‚&amp;quot;,&amp;quot;creator&amp;quot;:null,&amp;quot;homepageURL&amp;quot;:null}],&amp;quot;targetApplications&amp;quot;:[{&amp;quot;id&amp;quot;:&amp;quot;{ec8030f7-c20a-464f-9b0e-13a3a9e97384}&amp;quot;,&amp;quot;minVersion&amp;quot;:&amp;quot;38.0a1&amp;quot;,&amp;quot;maxVersion&amp;quot;:&amp;quot;43.0&amp;quot;}],&amp;quot;targetPlatforms&amp;quot;:[],&amp;quot;multiprocessCompatible&amp;quot;:false,&amp;quot;signedState&amp;quot;:2,&amp;quot;seen&amp;quot;:true}
1505869880640	DeferredSave.extensions.json	DEBUG	Save changes
1505869880640	addons.xpi	DEBUG	Updating database with changes to installed add-ons
1505869880640	addons.xpi-utils	DEBUG	Updating add-on states
1505869880642	addons.xpi-utils	DEBUG	Writing add-ons list
1505869880647	addons.xpi	DEBUG	Registering manifest for C:\Program Files\Mozilla Firefox\browser\features\e10srollout@mozilla.org.xpi
1505869880647	addons.xpi	DEBUG	Calling bootstrap method startup on e10srollout@mozilla.org version 1.0
1505869880647	addons.xpi	DEBUG	Registering manifest for C:\Program Files\Mozilla Firefox\browser\features\firefox@getpocket.com.xpi
1505869880648	addons.xpi	DEBUG	Calling bootstrap method startup on firefox@getpocket.com version 1.0.2
1505869880650	addons.xpi	DEBUG	Registering manifest for C:\Program Files\Mozilla Firefox\browser\features\loop@mozilla.org.xpi
1505869880651	addons.xpi	DEBUG	Calling bootstrap method startup on loop@mozilla.org version 1.3.2
1505869880679	addons.manager	DEBUG	Registering shutdown blocker for XPIProvider
1505869880679	addons.manager	DEBUG	Provider finished startup: XPIProvider
1505869880679	addons.manager	DEBUG	Starting provider: LightweightThemeManager
1505869880679	addons.manager	DEBUG	Registering shutdown blocker for LightweightThemeManager
1505869880680	addons.manager	DEBUG	Provider finished startup: LightweightThemeManager
1505869880680	addons.manager	DEBUG	Starting provider: GMPProvider
1505869880690	addons.manager	DEBUG	Registering shutdown blocker for GMPProvider
1505869880690	addons.manager	DEBUG	Provider finished startup: GMPProvider
1505869880690	addons.manager	DEBUG	Starting provider: PluginProvider
1505869880691	addons.manager	DEBUG	Registering shutdown blocker for PluginProvider
1505869880691	addons.manager	DEBUG	Provider finished startup: PluginProvider
1505869880691	addons.manager	DEBUG	Completed startup sequence
1505869886757	addons.manager	DEBUG	Starting provider: &amp;lt;unnamed-provider&amp;gt;
1505869886757	addons.manager	DEBUG	Registering shutdown blocker for &amp;lt;unnamed-provider&amp;gt;
1505869886757	addons.manager	DEBUG	Provider finished startup: &amp;lt;unnamed-provider&amp;gt;
1505869897073	DeferredSave.extensions.json	DEBUG	Write succeeded
1505869897073	addons.xpi-utils	DEBUG	XPI Database saved, setting schema version preference to 17
1505869897074	DeferredSave.extensions.json	DEBUG	Starting timer
1505869897124	DeferredSave.extensions.json	DEBUG	Starting write
1505869897137	addons.repository	DEBUG	No addons.json found.
1505869897138	DeferredSave.addons.json	DEBUG	Save changes
1505869897141	DeferredSave.addons.json	DEBUG	Starting timer
1505869898337	addons.manager	DEBUG	Starting provider: PreviousExperimentProvider
1505869898337	addons.manager	DEBUG	Registering shutdown blocker for PreviousExperimentProvider
1505869898339	addons.manager	DEBUG	Provider finished startup: PreviousExperimentProvider
1505869898346	DeferredSave.addons.json	DEBUG	Starting write
1505869898362	DeferredSave.extensions.json	DEBUG	Write succeeded

Build info: version: &amp;apos;2.53.1&amp;apos;, revision: &amp;apos;a36b8b1&amp;apos;, time: &amp;apos;2016-06-30 17:32:46&amp;apos;
System info: host: &amp;apos;LAPTOP-P9U8PG08&amp;apos;, ip: &amp;apos;192.168.1.141&amp;apos;, os.name: &amp;apos;Windows 10&amp;apos;, os.arch: &amp;apos;amd64&amp;apos;, os.version: &amp;apos;10.0&amp;apos;, java.version: &amp;apos;1.8.0_131&amp;apos;
Driver info: driver.version: FirefoxDriver">
      <![CDATA[org.openqa.selenium.WebDriverException: Failed to connect to binary FirefoxBinary(C:\Program Files\Mozilla Firefox\firefox.exe) on port 7059; process output follows: 
,"creator":null,"homepageURL":null},{"locales":["zh-HK"],"name":"å�¡å·´æ–¯åŸºé˜²è­·","description":"ä½¿ç”¨ Kaspersky Lab çš„å»¶ä¼¸åŠŸèƒ½å°�æ‚¨çš„ç¶²éš›ç¶²è·¯çš„é˜²è­·ã€‚","creator":null,"homepageURL":null},{"locales":["zh-TW"],"name":"å�¡å·´æ–¯åŸºé˜²è­·","description":"ä½¿ç”¨ Kaspersky Lab çš„å»¶ä¼¸åŠŸèƒ½å°�æ‚¨çš„ç¶²éš›ç¶²è·¯çš„é˜²è­·ã€‚","creator":null,"homepageURL":null},{"locales":["zh_CN"],"name":"å�¡å·´æ–¯åŸºä¿�æŠ¤","description":"ä½¿ç”¨ Kaspersky Lab çš„æ‰©å±•åŠŸèƒ½å¯¹æ‚¨çš„äº’è�”ç½‘çš„ä¿�æŠ¤ã€‚","creator":null,"homepageURL":null},{"locales":["zh_HK"],"name":"å�¡å·´æ–¯åŸºé˜²è­·","description":"ä½¿ç”¨ Kaspersky Lab çš„å»¶ä¼¸åŠŸèƒ½å°�æ‚¨çš„ç¶²éš›ç¶²è·¯çš„é˜²è­·ã€‚","creator":null,"homepageURL":null},{"locales":["zh_TW"],"name":"å�¡å·´æ–¯åŸºé˜²è­·","description":"ä½¿ç”¨ Kaspersky Lab çš„å»¶ä¼¸åŠŸèƒ½å°�æ‚¨çš„ç¶²éš›ç¶²è·¯çš„é˜²è­·ã€‚","creator":null,"homepageURL":null}],"targetApplications":[{"id":"{ec8030f7-c20a-464f-9b0e-13a3a9e97384}","minVersion":"38.0a1","maxVersion":"43.0"}],"targetPlatforms":[],"multiprocessCompatible":false,"signedState":2,"seen":true}
1505869880640	DeferredSave.extensions.json	DEBUG	Save changes
1505869880640	addons.xpi	DEBUG	Updating database with changes to installed add-ons
1505869880640	addons.xpi-utils	DEBUG	Updating add-on states
1505869880642	addons.xpi-utils	DEBUG	Writing add-ons list
1505869880647	addons.xpi	DEBUG	Registering manifest for C:\Program Files\Mozilla Firefox\browser\features\e10srollout@mozilla.org.xpi
1505869880647	addons.xpi	DEBUG	Calling bootstrap method startup on e10srollout@mozilla.org version 1.0
1505869880647	addons.xpi	DEBUG	Registering manifest for C:\Program Files\Mozilla Firefox\browser\features\firefox@getpocket.com.xpi
1505869880648	addons.xpi	DEBUG	Calling bootstrap method startup on firefox@getpocket.com version 1.0.2
1505869880650	addons.xpi	DEBUG	Registering manifest for C:\Program Files\Mozilla Firefox\browser\features\loop@mozilla.org.xpi
1505869880651	addons.xpi	DEBUG	Calling bootstrap method startup on loop@mozilla.org version 1.3.2
1505869880679	addons.manager	DEBUG	Registering shutdown blocker for XPIProvider
1505869880679	addons.manager	DEBUG	Provider finished startup: XPIProvider
1505869880679	addons.manager	DEBUG	Starting provider: LightweightThemeManager
1505869880679	addons.manager	DEBUG	Registering shutdown blocker for LightweightThemeManager
1505869880680	addons.manager	DEBUG	Provider finished startup: LightweightThemeManager
1505869880680	addons.manager	DEBUG	Starting provider: GMPProvider
1505869880690	addons.manager	DEBUG	Registering shutdown blocker for GMPProvider
1505869880690	addons.manager	DEBUG	Provider finished startup: GMPProvider
1505869880690	addons.manager	DEBUG	Starting provider: PluginProvider
1505869880691	addons.manager	DEBUG	Registering shutdown blocker for PluginProvider
1505869880691	addons.manager	DEBUG	Provider finished startup: PluginProvider
1505869880691	addons.manager	DEBUG	Completed startup sequence
1505869886757	addons.manager	DEBUG	Starting provider: <unnamed-provider>
1505869886757	addons.manager	DEBUG	Registering shutdown blocker for <unnamed-provider>
1505869886757	addons.manager	DEBUG	Provider finished startup: <unnamed-provider>
1505869897073	DeferredSave.extensions.json	DEBUG	Write succeeded
1505869897073	addons.xpi-utils	DEBUG	XPI Database saved, setting schema version preference to 17
1505869897074	DeferredSave.extensions.json	DEBUG	Starting timer
1505869897124	DeferredSave.extensions.json	DEBUG	Starting write
1505869897137	addons.repository	DEBUG	No addons.json found.
1505869897138	DeferredSave.addons.json	DEBUG	Save changes
1505869897141	DeferredSave.addons.json	DEBUG	Starting timer
1505869898337	addons.manager	DEBUG	Starting provider: PreviousExperimentProvider
1505869898337	addons.manager	DEBUG	Registering shutdown blocker for PreviousExperimentProvider
1505869898339	addons.manager	DEBUG	Provider finished startup: PreviousExperimentProvider
1505869898346	DeferredSave.addons.json	DEBUG	Starting write
1505869898362	DeferredSave.extensions.json	DEBUG	Write succeeded

Build info: version: '2.53.1', revision: 'a36b8b1', time: '2016-06-30 17:32:46'
System info: host: 'LAPTOP-P9U8PG08', ip: '192.168.1.141', os.name: 'Windows 10', os.arch: 'amd64', os.version: '10.0', java.version: '1.8.0_131'
Driver info: driver.version: FirefoxDriver
	at org.openqa.selenium.firefox.internal.NewProfileExtensionConnection.start(NewProfileExtensionConnection.java:124)
	at org.openqa.selenium.firefox.FirefoxDriver.startClient(FirefoxDriver.java:271)
	at org.openqa.selenium.remote.RemoteWebDriver.<init>(RemoteWebDriver.java:119)
	at org.openqa.selenium.firefox.FirefoxDriver.<init>(FirefoxDriver.java:218)
	at org.openqa.selenium.firefox.FirefoxDriver.<init>(FirefoxDriver.java:211)
	at org.openqa.selenium.firefox.FirefoxDriver.<init>(FirefoxDriver.java:207)
	at org.openqa.selenium.firefox.FirefoxDriver.<init>(FirefoxDriver.java:120)
	at Product_Attribute_Edit_Delete.Sub_category.Loginpage(Sub_category.java:92)
Caused by: org.openqa.selenium.firefox.NotConnectedException: Unable to connect to host 127.0.0.1 on port 7059 after 45000 ms. Firefox console output:
°Ð±Ð¾Ñ€Ð°Ñ‚Ð¾Ñ€Ñ–Ñ— ÐšÐ°Ñ�Ð¿ÐµÑ€Ñ�ÑŒÐºÐ¾Ð³Ð¾\"","creator":null,"homepageURL":null},{"locales":["vi"],"name":"Kaspersky Protection","description":"BaÌ‰o vÃªÌ£ baÌ£n trÃªn Internet vÆ¡Ì�i phÃ¢Ì€n mÆ¡Ì‰ rÃ´Ì£ng tÆ°Ì€ Kaspersky Lab","creator":null,"homepageURL":null},{"locales":["zh-CN"],"name":"å�¡å·´æ–¯åŸºä¿�æŠ¤","description":"ä½¿ç”¨ Kaspersky Lab çš„æ‰©å±•åŠŸèƒ½å¯¹æ‚¨çš„äº’è�”ç½‘çš„ä¿�æŠ¤ã€‚","creator":null,"homepageURL":null},{"locales":["zh-HK"],"name":"å�¡å·´æ–¯åŸºé˜²è­·","description":"ä½¿ç”¨ Kaspersky Lab çš„å»¶ä¼¸åŠŸèƒ½å°�æ‚¨çš„ç¶²éš›ç¶²è·¯çš„é˜²è­·ã€‚","creator":null,"homepageURL":null},{"locales":["zh-TW"],"name":"å�¡å·´æ–¯åŸºé˜²è­·","description":"ä½¿ç”¨ Kaspersky Lab çš„å»¶ä¼¸åŠŸèƒ½å°�æ‚¨çš„ç¶²éš›ç¶²è·¯çš„é˜²è­·ã€‚","creator":null,"homepageURL":null},{"locales":["zh_CN"],"name":"å�¡å·´æ–¯åŸºä¿�æŠ¤","description":"ä½¿ç”¨ Kaspersky Lab çš„æ‰©å±•åŠŸèƒ½å¯¹æ‚¨çš„äº’è�”ç½‘çš„ä¿�æŠ¤ã€‚","creator":null,"homepageURL":null},{"locales":["zh_HK"],"name":"å�¡å·´æ–¯åŸºé˜²è­·","description":"ä½¿ç”¨ Kaspersky Lab çš„å»¶ä¼¸åŠŸèƒ½å°�æ‚¨çš„ç¶²éš›ç¶²è·¯çš„é˜²è­·ã€‚","creator":null,"homepageURL":null},{"locales":["zh_TW"],"name":"å�¡å·´æ–¯åŸºé˜²è­·","description":"ä½¿ç”¨ Kaspersky Lab çš„å»¶ä¼¸åŠŸèƒ½å°�æ‚¨çš„ç¶²éš›ç¶²è·¯çš„é˜²è­·ã€‚","creator":null,"homepageURL":null}],"targetApplications":[{"id":"{ec8030f7-c20a-464f-9b0e-13a3a9e97384}","minVersion":"38.0a1","maxVersion":"43.0"}],"targetPlatforms":[],"multiprocessCompatible":false,"signedState":2,"seen":true}
1505869880640	DeferredSave.extensions.json	DEBUG	Save changes
1505869880640	addons.xpi	DEBUG	Updating database with changes to installed add-ons
1505869880640	addons.xpi-utils	DEBUG	Updating add-on states
1505869880642	addons.xpi-utils	DEBUG	Writing add-ons list
1505869880647	addons.xpi	DEBUG	Registering manifest for C:\Program Files\Mozilla Firefox\browser\features\e10srollout@mozilla.org.xpi
1505869880647	addons.xpi	DEBUG	Calling bootstrap method startup on e10srollout@mozilla.org version 1.0
1505869880647	addons.xpi	DEBUG	Registering manifest for C:\Program Files\Mozilla Firefox\browser\features\firefox@getpocket.com.xpi
1505869880648	addons.xpi	DEBUG	Calling bootstrap method startup on firefox@getpocket.com version 1.0.2
1505869880650	addons.xpi	DEBUG	Registering manifest for C:\Program Files\Mozilla Firefox\browser\features\loop@mozilla.org.xpi
1505869880651	addons.xpi	DEBUG	Calling bootstrap method startup on loop@mozilla.org version 1.3.2
1505869880679	addons.manager	DEBUG	Registering shutdown blocker for XPIProvider
1505869880679	addons.manager	DEBUG	Provider finished startup: XPIProvider
1505869880679	addons.manager	DEBUG	Starting provider: LightweightThemeManager
1505869880679	addons.manager	DEBUG	Registering shutdown blocker for LightweightThemeManager
1505869880680	addons.manager	DEBUG	Provider finished startup: LightweightThemeManager
1505869880680	addons.manager	DEBUG	Starting provider: GMPProvider
1505869880690	addons.manager	DEBUG	Registering shutdown blocker for GMPProvider
1505869880690	addons.manager	DEBUG	Provider finished startup: GMPProvider
1505869880690	addons.manager	DEBUG	Starting provider: PluginProvider
1505869880691	addons.manager	DEBUG	Registering shutdown blocker for PluginProvider
1505869880691	addons.manager	DEBUG	Provider finished startup: PluginProvider
1505869880691	addons.manager	DEBUG	Completed startup sequence
1505869886757	addons.manager	DEBUG	Starting provider: <unnamed-provider>
1505869886757	addons.manager	DEBUG	Registering shutdown blocker for <unnamed-provider>
1505869886757	addons.manager	DEBUG	Provider finished startup: <unnamed-provider>
1505869897073	DeferredSave.extensions.json	DEBUG	Write succeeded
1505869897073	addons.xpi-utils	DEBUG	XPI Database saved, setting schema version preference to 17
1505869897074	DeferredSave.extensions.json	DEBUG	Starting timer
1505869897124	DeferredSave.extensions.json	DEBUG	Starting write
1505869897137	addons.repository	DEBUG	No addons.json found.
1505869897138	DeferredSave.addons.json	DEBUG	Save changes
1505869897141	DeferredSave.addons.json	DEBUG	Starting timer

	at org.openqa.selenium.firefox.internal.NewProfileExtensionConnection.start(NewProfileExtensionConnection.java:112)
	... 29 more
... Removed 22 stack frames]]>
    </failure>
  </testcase> <!-- @BeforeTest Loginpage -->
  <testcase name="@AfterTest getup1" time="0.0" classname="Product_Attribute_Edit_Delete.Sub_category">
    <skipped/>
  </testcase> <!-- @AfterTest getup1 -->
  <testcase name="Login" time="0.001" classname="Product_Attribute_Edit_Delete.Sub_category">
    <skipped/>
  </testcase> <!-- Login -->
  <testcase name="Brand_Edit_Enable" time="0.0" classname="Product_Attribute_Edit_Delete.Sub_category">
    <skipped/>
  </testcase> <!-- Brand_Edit_Enable -->
  <testcase name="Remove_Existing_Record" time="0.001" classname="Product_Attribute_Edit_Delete.Sub_category">
    <skipped/>
  </testcase> <!-- Remove_Existing_Record -->
  <testcase name="Edit_newrecord" time="0.001" classname="Product_Attribute_Edit_Delete.Sub_category">
    <skipped/>
  </testcase> <!-- Edit_newrecord -->
  <testcase name="Already_Existing_Record" time="0.001" classname="Product_Attribute_Edit_Delete.Sub_category">
    <skipped/>
  </testcase> <!-- Already_Existing_Record -->
  <testcase name="Sub_category_Record" time="0.001" classname="Product_Attribute_Edit_Delete.Sub_category">
    <skipped/>
  </testcase> <!-- Sub_category_Record -->
  <testcase name="sub_category_Edit" time="0.001" classname="Product_Attribute_Edit_Delete.Sub_category">
    <skipped/>
  </testcase> <!-- sub_category_Edit -->
  <testcase name="Subcategory_Existing_Record" time="0.001" classname="Product_Attribute_Edit_Delete.Sub_category">
    <skipped/>
  </testcase> <!-- Subcategory_Existing_Record -->
  <testcase name="Subcategory_Edit_New_Record" time="0.001" classname="Product_Attribute_Edit_Delete.Sub_category">
    <skipped/>
  </testcase> <!-- Subcategory_Edit_New_Record -->
  <testcase name="Subbrand_Already_Existing_Record" time="0.001" classname="Product_Attribute_Edit_Delete.Sub_category">
    <skipped/>
  </testcase> <!-- Subbrand_Already_Existing_Record -->
</testsuite> <!-- Test19 -->
