<?xml version="1.0" encoding="UTF-8"?>
<!-- Generated by org.testng.reporters.JUnitXMLReporter -->
<testsuite hostname="LAPTOP-P9U8PG08" name="Test11" tests="11" failures="0" timestamp="19 Sep 2017 18:10:16 GMT" time="126.381" errors="0">
  <testcase name="eve_attach_navig" time="16.748" classname="Admin_Event_Attachment.Admin_Event_Attachment"/>
  <testcase name="add_popup" time="3.31" classname="Admin_Event_Attachment.Admin_Event_Attachment"/>
  <testcase name="errormsg" time="5.467" classname="Admin_Event_Attachment.Admin_Event_Attachment"/>
  <testcase name="cancel" time="3.184" classname="Admin_Event_Attachment.Admin_Event_Attachment"/>
  <testcase name="close" time="3.504" classname="Admin_Event_Attachment.Admin_Event_Attachment"/>
  <testcase name="Eve_Attach_Valid" time="7.714" classname="Admin_Event_Attachment.Admin_Event_Attachment"/>
  <testcase name="Existing_Eve_Attach" time="10.562" classname="Admin_Event_Attachment.Admin_Event_Attachment"/>
  <testcase name="success_msg" time="9.1" classname="Admin_Event_Attachment.Admin_Event_Attachment"/>
  <testcase name="count_increase" time="9.778" classname="Admin_Event_Attachment.Admin_Event_Attachment"/>
  <testcase name="count_decrease" time="4.299" classname="Admin_Event_Attachment.Admin_Event_Attachment"/>
  <testcase name="Exit" time="8.169" classname="Admin_Event_Attachment.Admin_Event_Attachment"/>
</testsuite> <!-- Test11 -->
