<?xml version="1.0" encoding="UTF-8"?>
<!-- Generated by org.testng.reporters.JUnitXMLReporter -->
<testsuite hostname="LAPTOP-P9U8PG08" name="TEST2" tests="9" failures="0" timestamp="20 Sep 2017 01:25:27 GMT" time="309.316" errors="0">
  <testcase name="valid_user_and_valid_passwords" time="52.614" classname="Company.Company_newrecord"/>
  <testcase name="Submit_button" time="113.548" classname="Company.Company_newrecord"/>
  <testcase name="Record_added_Successfully" time="11.467" classname="Company.Company_newrecord"/>
  <testcase name="newrecord_not_displayed_grid" time="24.853" classname="Company.Company_newrecord"/>
  <testcase name="previous_data_not_sustained" time="29.332" classname="Company.Company_newrecord"/>
  <testcase name="Phone_InvalidData" time="8.289" classname="Company.Company_newrecord"/>
  <testcase name="FAX_InvalidData" time="7.164" classname="Company.Company_newrecord"/>
  <testcase name="Increase_Entry_count_validData" time="21.443" classname="Company.Company_newrecord"/>
  <testcase name="Decrease_Entry_count_validData" time="11.393" classname="Company.Company_newrecord"/>
</testsuite> <!-- TEST2 -->
