<?xml version="1.0" encoding="UTF-8"?>
<!-- Generated by org.testng.reporters.JUnitXMLReporter -->
<testsuite hostname="LAPTOP-P9U8PG08" name="Test30" tests="10" failures="0" timestamp="20 Sep 2017 02:15:42 GMT" time="210.407" errors="0">
  <testcase name="Login" time="17.793" classname="Product_Attribute_page.Material_Subbrand"/>
  <testcase name="User_Submenu" time="15.315" classname="Product_Attribute_page.Material_Subbrand"/>
  <testcase name="Attribute_page" time="6.919" classname="Product_Attribute_page.Material_Subbrand"/>
  <testcase name="Customer_Addrecord_button" time="12.607" classname="Product_Attribute_page.Material_Subbrand"/>
  <testcase name="AddRecord_Alertmessage" time="9.338" classname="Product_Attribute_page.Material_Subbrand"/>
  <testcase name="Cancel_button" time="10.237" classname="Product_Attribute_page.Material_Subbrand"/>
  <testcase name="Close_button" time="12.57" classname="Product_Attribute_page.Material_Subbrand"/>
  <testcase name="Enter_User_details" time="54.51" classname="Product_Attribute_page.Material_Subbrand"/>
  <testcase name="Enter_Record" time="20.109" classname="Product_Attribute_page.Material_Subbrand"/>
  <testcase name="Enter_record_Alertmessage" time="26.896" classname="Product_Attribute_page.Material_Subbrand"/>
</testsuite> <!-- Test30 -->
