<?xml version="1.0" encoding="UTF-8"?>
<!-- Generated by org.testng.reporters.JUnitXMLReporter -->
<testsuite hostname="LAPTOP-P9U8PG08" name="Test35" tests="9" failures="0" timestamp="20 Sep 2017 02:35:20 GMT" time="208.941" errors="0">
  <testcase name="Login" time="23.914" classname="Product_Attribute_page.Family"/>
  <testcase name="User_Submenu" time="30.271" classname="Product_Attribute_page.Family"/>
  <testcase name="Customer_Addrecord_button" time="12.49" classname="Product_Attribute_page.Family"/>
  <testcase name="AddRecord_Alertmessage" time="9.239" classname="Product_Attribute_page.Family"/>
  <testcase name="Cancel_button" time="10.287" classname="Product_Attribute_page.Family"/>
  <testcase name="Close_button" time="6.084" classname="Product_Attribute_page.Family"/>
  <testcase name="Enter_User_details" time="52.918" classname="Product_Attribute_page.Family"/>
  <testcase name="Enter_Record" time="20.699" classname="Product_Attribute_page.Family"/>
  <testcase name="Enter_record_Alertmessage" time="17.678" classname="Product_Attribute_page.Family"/>
</testsuite> <!-- Test35 -->
