<?xml version="1.0" encoding="UTF-8"?>
<!-- Generated by org.testng.reporters.JUnitXMLReporter -->
<testsuite hostname="LAPTOP-P9U8PG08" name="Test14" tests="5" failures="0" timestamp="19 Sep 2017 18:16:05 GMT" time="144.409" errors="0">
  <testcase name="Eve_Attach_Edit" time="13.264" classname="Admin_Event_Attachment.Admin_Event_Attachment_Edit"/>
  <testcase name="clear_eve_typ_edit" time="15.471" classname="Admin_Event_Attachment.Admin_Event_Attachment_Edit"/>
  <testcase name="exist_eve_attach" time="12.682" classname="Admin_Event_Attachment.Admin_Event_Attachment_Edit"/>
  <testcase name="edit_success_msg" time="40.923" classname="Admin_Event_Attachment.Admin_Event_Attachment_Edit"/>
  <testcase name="edit_eve_update" time="9.706" classname="Admin_Event_Attachment.Admin_Event_Attachment_Edit"/>
</testsuite> <!-- Test14 -->
