<?xml version="1.0" encoding="UTF-8"?>
<!-- Generated by org.testng.reporters.JUnitXMLReporter -->
<testsuite hostname="LAPTOP-P9U8PG08" name="TEST6" tests="6" failures="0" timestamp="20 Sep 2017 01:37:07 GMT" time="191.201" errors="0">
  <testcase name="valid_user_and_valid_password" time="18.208" classname="Customer.Customer_newrecord"/>
  <testcase name="Customer_Cancelbutton" time="36.921" classname="Customer.Customer_newrecord"/>
  <testcase name="Enter_custmer_details" time="36.03" classname="Customer.Customer_newrecord"/>
  <testcase name="previous_data_not_sustained" time="17.046" classname="Customer.Customer_newrecord"/>
  <testcase name="Increase_Entry_count_validData" time="12.717" classname="Customer.Customer_newrecord"/>
  <testcase name="Decrease_Entry_count_validData" time="11.307" classname="Customer.Customer_newrecord"/>
</testsuite> <!-- TEST6 -->
