<?xml version="1.0" encoding="UTF-8"?>
<!-- Generated by org.testng.reporters.JUnitXMLReporter -->
<testsuite hostname="LAPTOP-P9U8PG08" name="TEST1" tests="6" failures="0" timestamp="20 Sep 2017 01:20:18 GMT" time="97.091" errors="0">
  <testcase name="Login" time="39.821" classname="Company.Company_page"/>
  <testcase name="Company_page" time="9.082" classname="Company.Company_page"/>
  <testcase name="Company_Addrecord_button" time="4.409" classname="Company.Company_page"/>
  <testcase name="AddRecord_Alertmessage" time="6.269" classname="Company.Company_page"/>
  <testcase name="Cancel_button" time="6.264" classname="Company.Company_page"/>
  <testcase name="Email_InvalidData" time="11.09" classname="Company.Company_page"/>
</testsuite> <!-- TEST1 -->
