<?xml version="1.0" encoding="UTF-8"?>
<!-- Generated by org.testng.reporters.JUnitXMLReporter -->
<testsuite hostname="LAPTOP-P9U8PG08" name="Test13" tests="4" failures="0" timestamp="19 Sep 2017 18:13:41 GMT" time="102.991" errors="0">
  <testcase name="eve_attach_Delete_Conf" time="14.944" classname="Admin_Event_Attachment.Admin_Event_Attachment_Delete"/>
  <testcase name="delete_conf_cancel" time="2.195" classname="Admin_Event_Attachment.Admin_Event_Attachment_Delete"/>
  <testcase name="delete_conf_yes" time="18.898" classname="Admin_Event_Attachment.Admin_Event_Attachment_Delete"/>
  <testcase name="delete_succs_msg" time="13.073" classname="Admin_Event_Attachment.Admin_Event_Attachment_Delete"/>
</testsuite> <!-- Test13 -->
