<?xml version="1.0" encoding="UTF-8"?>
<!-- Generated by org.testng.reporters.JUnitXMLReporter -->
<testsuite hostname="LAPTOP-P9U8PG08" name="Test" tests="8" failures="0" timestamp="19 Sep 2017 16:24:29 GMT" time="27.076" errors="0">
  <testcase name="@BeforeTest Loginpage" time="0.0" classname="ChangePasswordWeb.ChangePasswordWeb">
    <failure type="java.io.FileNotFoundException" message="D:\Selenium\DarkeLogix TradeInCroporated - Test Cases.xls (The system cannot find the file specified)">
      <![CDATA[java.io.FileNotFoundException: D:\Selenium\DarkeLogix TradeInCroporated - Test Cases.xls (The system cannot find the file specified)
	at java.io.FileInputStream.open0(Native Method)
	at java.io.FileInputStream.open(Unknown Source)
	at java.io.FileInputStream.<init>(Unknown Source)
	at java.io.FileInputStream.<init>(Unknown Source)
	at ChangePasswordWeb.ChangePasswordWeb.Loginpage(ChangePasswordWeb.java:114)
... Removed 22 stack frames]]>
    </failure>
  </testcase> <!-- @BeforeTest Loginpage -->
  <testcase name="@AfterTest end" time="0.0" classname="ChangePasswordWeb.ChangePasswordWeb">
    <skipped/>
  </testcase> <!-- @AfterTest end -->
  <testcase name="ChangePassword_navigation" time="0.0" classname="ChangePasswordWeb.ChangePasswordWeb">
    <skipped/>
  </testcase> <!-- ChangePassword_navigation -->
  <testcase name="ChangePassword_invalidCreden" time="0.001" classname="ChangePasswordWeb.ChangePasswordWeb">
    <skipped/>
  </testcase> <!-- ChangePassword_invalidCreden -->
  <testcase name="mismatchnewconfirmpass" time="0.001" classname="ChangePasswordWeb.ChangePasswordWeb">
    <skipped/>
  </testcase> <!-- mismatchnewconfirmpass -->
  <testcase name="Onload" time="0.001" classname="ChangePasswordWeb.ChangePasswordWeb">
    <skipped/>
  </testcase> <!-- Onload -->
  <testcase name="singlecharinnewpass" time="0.001" classname="ChangePasswordWeb.ChangePasswordWeb">
    <skipped/>
  </testcase> <!-- singlecharinnewpass -->
  <testcase name="exit" time="0.001" classname="ChangePasswordWeb.ChangePasswordWeb">
    <skipped/>
  </testcase> <!-- exit -->
  <testcase name="current_pass_errormsg" time="0.0" classname="ChangePasswordWeb.ChangePasswordWeb">
    <skipped/>
  </testcase> <!-- current_pass_errormsg -->
  <testcase name="minimal_charac_new_confirm" time="0.0" classname="ChangePasswordWeb.ChangePasswordWeb">
    <skipped/>
  </testcase> <!-- minimal_charac_new_confirm -->
</testsuite> <!-- Test -->
