<?xml version="1.0" encoding="UTF-8"?>
<!-- Generated by org.testng.reporters.JUnitXMLReporter -->
<testsuite hostname="LAPTOP-P9U8PG08" name="Test10" tests="4" failures="0" timestamp="19 Sep 2017 18:44:15 GMT" time="183.038" errors="0">
  <testcase name="Sorting" time="15.638" classname="Admin_Event_Web.Admin_Event_EventType_Sorting"/>
  <testcase name="view_eve_type" time="41.492" classname="Admin_Event_Web.Admin_Event_EventType_Sorting"/>
  <testcase name="no_eve_types" time="51.381" classname="Admin_Event_Web.Admin_Event_EventType_Sorting"/>
  <testcase name="exit" time="5.031" classname="Admin_Event_Web.Admin_Event_EventType_Sorting"/>
</testsuite> <!-- Test10 -->
