<?xml version="1.0" encoding="UTF-8"?>
<!-- Generated by org.testng.reporters.JUnitXMLReporter -->
<testsuite hostname="LAPTOP-P9U8PG08" name="Test18" tests="10" failures="0" timestamp="20 Sep 2017 01:10:50 GMT" time="12049.481" errors="0">
  <testcase name="Login" time="19.346" classname="Product_Attribute_Edit_Delete.Segment_Edit"/>
  <testcase name="Brand_Edit_Enable" time="11774.798" classname="Product_Attribute_Edit_Delete.Segment_Edit"/>
  <testcase name="Remove_Existing_Record" time="14.319" classname="Product_Attribute_Edit_Delete.Segment_Edit"/>
  <testcase name="Edit_newrecord" time="14.031" classname="Product_Attribute_Edit_Delete.Segment_Edit"/>
  <testcase name="Already_Existing_Record" time="14.242" classname="Product_Attribute_Edit_Delete.Segment_Edit"/>
  <testcase name="Sub_category_Record" time="50.67" classname="Product_Attribute_Edit_Delete.Segment_Edit"/>
  <testcase name="Segment_Edit" time="35.132" classname="Product_Attribute_Edit_Delete.Segment_Edit"/>
  <testcase name="Subsegment_Existing_Record" time="23.052" classname="Product_Attribute_Edit_Delete.Segment_Edit"/>
  <testcase name="Subsegment_Edit_New_Record" time="23.064" classname="Product_Attribute_Edit_Delete.Segment_Edit"/>
  <testcase name="Subbrand_Already_Existing_Record" time="46.313" classname="Product_Attribute_Edit_Delete.Segment_Edit"/>
</testsuite> <!-- Test18 -->
