<?xml version="1.0" encoding="UTF-8"?>
<!-- Generated by org.testng.reporters.JUnitXMLReporter -->
<testsuite hostname="LAPTOP-P9U8PG08" name="Test33" tests="9" failures="0" timestamp="20 Sep 2017 02:28:36 GMT" time="214.094" errors="0">
  <testcase name="Login" time="25.73" classname="Product_Attribute_page.category"/>
  <testcase name="User_Submenu" time="29.392" classname="Product_Attribute_page.category"/>
  <testcase name="Customer_Addrecord_button" time="12.721" classname="Product_Attribute_page.category"/>
  <testcase name="AddRecord_Alertmessage" time="9.254" classname="Product_Attribute_page.category"/>
  <testcase name="Cancel_button" time="10.238" classname="Product_Attribute_page.category"/>
  <testcase name="Close_button" time="12.471" classname="Product_Attribute_page.category"/>
  <testcase name="Enter_User_details" time="52.578" classname="Product_Attribute_page.category"/>
  <testcase name="Enter_Record" time="20.749" classname="Product_Attribute_page.category"/>
  <testcase name="Enter_record_Alertmessage" time="17.37" classname="Product_Attribute_page.category"/>
</testsuite> <!-- Test33 -->
