<?xml version="1.0" encoding="UTF-8"?>
<!-- Generated by org.testng.reporters.JUnitXMLReporter -->
<testsuite hostname="LAPTOP-P9U8PG08" name="Test3" tests="4" failures="0" timestamp="19 Sep 2017 18:27:05 GMT" time="137.503" errors="0">
  <testcase name="delete_icon" time="17.13" classname="Admin_Event_Web.Admin_Event_Class_Delete"/>
  <testcase name="delete_conf_cancel" time="2.163" classname="Admin_Event_Web.Admin_Event_Class_Delete"/>
  <testcase name="delete_conf_yes" time="20.949" classname="Admin_Event_Web.Admin_Event_Class_Delete"/>
  <testcase name="delete_eve_check" time="62.583" classname="Admin_Event_Web.Admin_Event_Class_Delete"/>
</testsuite> <!-- Test3 -->
