<?xml version="1.0" encoding="UTF-8"?>
<!-- Generated by org.testng.reporters.JUnitXMLReporter -->
<testsuite hostname="LAPTOP-P9U8PG08" name="Test31" tests="9" failures="0" timestamp="20 Sep 2017 02:17:58 GMT" time="136.114" errors="0">
  <testcase name="Login" time="22.313" classname="Product_Attribute_page.Segment"/>
  <testcase name="User_Submenu" time="23.301" classname="Product_Attribute_page.Segment"/>
  <testcase name="Customer_Addrecord_button" time="6.17" classname="Product_Attribute_page.Segment"/>
  <testcase name="AddRecord_Alertmessage" time="2.079" classname="Product_Attribute_page.Segment"/>
  <testcase name="Cancel_button" time="6.108" classname="Product_Attribute_page.Segment"/>
  <testcase name="Close_button" time="6.08" classname="Product_Attribute_page.Segment"/>
  <testcase name="Enter_User_details" time="27.29" classname="Product_Attribute_page.Segment"/>
  <testcase name="Enter_Record" time="9.067" classname="Product_Attribute_page.Segment"/>
  <testcase name="Enter_record_Alertmessage" time="9.085" classname="Product_Attribute_page.Segment"/>
</testsuite> <!-- Test31 -->
