<?xml version="1.0" encoding="UTF-8"?>
<!-- Generated by org.testng.reporters.JUnitXMLReporter -->
<testsuite hostname="LAPTOP-P9U8PG08" name="Test34" tests="10" failures="0" timestamp="20 Sep 2017 02:31:51 GMT" time="194.902" errors="0">
  <testcase name="Login" time="18.649" classname="Product_Attribute_page.Sub_category"/>
  <testcase name="User_Submenu" time="15.925" classname="Product_Attribute_page.Sub_category"/>
  <testcase name="Attribute_page" time="6.635" classname="Product_Attribute_page.Sub_category"/>
  <testcase name="Customer_Addrecord_button" time="19.019" classname="Product_Attribute_page.Sub_category"/>
  <testcase name="AddRecord_Alertmessage" time="9.307" classname="Product_Attribute_page.Sub_category"/>
  <testcase name="Cancel_button" time="10.266" classname="Product_Attribute_page.Sub_category"/>
  <testcase name="Close_button" time="12.488" classname="Product_Attribute_page.Sub_category"/>
  <testcase name="Enter_User_details" time="36.327" classname="Product_Attribute_page.Sub_category"/>
  <testcase name="Enter_Record" time="24.843" classname="Product_Attribute_page.Sub_category"/>
  <testcase name="Enter_record_Alertmessage" time="17.23" classname="Product_Attribute_page.Sub_category"/>
</testsuite> <!-- Test34 -->
