<?xml version="1.0" encoding="UTF-8"?>
<!-- Generated by org.testng.reporters.JUnitXMLReporter -->
<testsuite hostname="LAPTOP-P9U8PG08" name="Users_chrome8" tests="10" failures="0" timestamp="20 Sep 2017 01:57:36 GMT" time="697.546" errors="0">
  <testcase name="Login" time="38.089" classname="USERS.User_newrecord"/>
  <testcase name="Enter_User_details" time="407.995" classname="USERS.User_newrecord"/>
  <testcase name="New_Record_Grid" time="23.365" classname="USERS.User_newrecord"/>
  <testcase name="Duplicate_Record" time="34.673" classname="USERS.User_newrecord"/>
  <testcase name="Customer_Cancelbutton" time="27.465" classname="USERS.User_newrecord"/>
  <testcase name="Prevoius_Data" time="31.633" classname="USERS.User_newrecord"/>
  <testcase name="Increase_Entry_count_validData" time="27.21" classname="USERS.User_newrecord"/>
  <testcase name="Decrease_Entry_count_validData" time="4.157" classname="USERS.User_newrecord"/>
  <testcase name="Existing_Record" time="64.003" classname="USERS.User_newrecord"/>
  <testcase name="Success_alert_message" time="16.258" classname="USERS.User_newrecord"/>
</testsuite> <!-- Users_chrome8 -->
