<?xml version="1.0" encoding="UTF-8"?>
<!-- Generated by org.testng.reporters.JUnitXMLReporter -->
<testsuite hostname="LAPTOP-P9U8PG08" name="USERS_Chrome9" tests="6" failures="0" timestamp="20 Sep 2017 02:04:08 GMT" time="102.182" errors="0">
  <testcase name="Login" time="33.721" classname="USERS.User_sorting_deleting_new"/>
  <testcase name="Enter_User_details" time="7.047" classname="USERS.User_sorting_deleting_new"/>
  <testcase name="Edit_Active" time="21.094" classname="USERS.User_sorting_deleting_new"/>
  <testcase name="Scroll_Active_Alert_message" time="8.038" classname="USERS.User_sorting_deleting_new"/>
  <testcase name="Scroll_InActive_Alert_message" time="8.514" classname="USERS.User_sorting_deleting_new"/>
  <testcase name="Scroll_InActive_User" time="8.035" classname="USERS.User_sorting_deleting_new"/>
</testsuite> <!-- USERS_Chrome9 -->
