<?xml version="1.0" encoding="UTF-8"?>
<!-- Generated by org.testng.reporters.JUnitXMLReporter -->
<testsuite hostname="LAPTOP-P9U8PG08" name="Users_ie5" tests="6" failures="0" timestamp="20 Sep 2017 02:00:28 GMT" time="172.541" errors="0">
  <testcase name="Login" time="38.793" classname="USERS.User_Edit"/>
  <testcase name="User_Edit" time="15.691" classname="USERS.User_Edit"/>
  <testcase name="User_Empty_textbox" time="33.794" classname="USERS.User_Edit"/>
  <testcase name="User_Delete" time="24.646" classname="USERS.User_Edit"/>
  <testcase name="User_Success_Alert" time="9.081" classname="USERS.User_Edit"/>
  <testcase name="User_Edit_Duplicate" time="38.272" classname="USERS.User_Edit"/>
</testsuite> <!-- Users_ie5 -->
