<?xml version="1.0" encoding="UTF-8"?>
<!-- Generated by org.testng.reporters.JUnitXMLReporter -->
<testsuite hostname="LAPTOP-P9U8PG08" name="USERS_firefox7" tests="4" failures="0" timestamp="20 Sep 2017 02:02:25 GMT" time="117.202" errors="0">
  <testcase name="Login" time="31.726" classname="USERS.User_Delete"/>
  <testcase name="User_Delete" time="20.19" classname="USERS.User_Delete"/>
  <testcase name="User_Delete_confirmation" time="25.791" classname="USERS.User_Delete"/>
  <testcase name="User_Delete_Record" time="25.39" classname="USERS.User_Delete"/>
</testsuite> <!-- USERS_firefox7 -->
