<?xml version="1.0" encoding="UTF-8"?>
<!-- Generated by org.testng.reporters.JUnitXMLReporter -->
<testsuite hostname="LAPTOP-P9U8PG08" name="USERS_Firefox8" tests="11" failures="0" timestamp="20 Sep 2017 02:08:39 GMT" time="271.36" errors="0">
  <testcase name="Login" time="26.665" classname="USERS.User_filter"/>
  <testcase name="Filter_SystemName" time="19.402" classname="USERS.User_filter"/>
  <testcase name="Filter_FirstName" time="19.291" classname="USERS.User_filter"/>
  <testcase name="Filter_LastName" time="22.34" classname="USERS.User_filter"/>
  <testcase name="Filter_Email" time="24.393" classname="USERS.User_filter"/>
  <testcase name="Invalid_Data" time="16.711" classname="USERS.User_filter"/>
  <testcase name="Invalid_Data_Fetches_back" time="22.926" classname="USERS.User_filter"/>
  <testcase name="Valid_Data_Fetches_back" time="34.182" classname="USERS.User_filter"/>
  <testcase name="Filter_Role" time="32.134" classname="USERS.User_filter"/>
  <testcase name="Filter_Active" time="12.57" classname="USERS.User_filter"/>
  <testcase name="Filter_InActive" time="25.69" classname="USERS.User_filter"/>
</testsuite> <!-- USERS_Firefox8 -->
